Версия программы 3.1
Проверка целостности системы каталогов
------------------------------
Проверка успешно выполнена
Запущена программа сбора базы из нескольких баз.
Собираем список файлов для обработки
Файлов найдено: 54
Инициализация программных ресурсов
------------------------------
Удаляется ранее созданный файл "global_base_v3.1.xlsx"
Создаем файл "global_base_v3.1.xlsx"
------------------------------
Обрабатывается файл: 00-Перевозчики Тсибирь.xlsx
Файл обработан и закрыт. Уникальных контрагентов в файле: 162 из 369 записей
____________________
Обрабатывается файл: 01-Адыгея.xlsx
Файл обработан и закрыт. Уникальных контрагентов в файле: 222 из 589 записей
____________________
Обрабатывается файл: 02-БШК.xlsx
Файл обработан и закрыт. Уникальных контрагентов в файле: 881 из 1670 записей
____________________
Обрабатывается файл: 03-Бурятия.xlsx
Файл обработан и закрыт. Уникальных контрагентов в файле: 80 из 144 записей
____________________
Обрабатывается файл: 04-Алтай.xlsx
Файл обработан и закрыт. Уникальных контрагентов в файле: 19 из 23 записей
____________________
Обрабатывается файл: 05-Дагестан.xlsx
Файл обработан и закрыт. Уникальных контрагентов в файле: 127 из 249 записей
____________________
Обрабатывается файл: 06-Ингушетия.xlsx
Файл обработан и закрыт. Уникальных контрагентов в файле: 9 из 21 записей
____________________
Обрабатывается файл: 07-Кабардино-Балкарская.xlsx
Файл обработан и закрыт. Уникальных контрагентов в файле: 119 из 222 записей
____________________
Обрабатывается файл: 08-Калмыкия.xlsx
Файл обработан и закрыт. Уникальных контрагентов в файле: 112 из 174 записей
____________________
Обрабатывается файл: 09-Карач-Черк. респ.xlsx
Файл обработан и закрыт. Уникальных контрагентов в файле: 245 из 435 записей
____________________
Обрабатывается файл: 10-Карелия.xlsx
Файл обработан и закрыт. Уникальных контрагентов в файле: 527 из 1247 записей
____________________
Обрабатывается файл: 11-Коми респ.xlsx
Файл обработан и закрыт. Уникальных контрагентов в файле: 487 из 915 записей
____________________
Обрабатывается файл: 12-МЭ Респ.xlsx
Файл обработан и закрыт. Уникальных контрагентов в файле: 327 из 747 записей
____________________
Обрабатывается файл: 13-Морд.респ.xlsx
Файл обработан и закрыт. Уникальных контрагентов в файле: 687 из 1486 записей
____________________
Обрабатывается файл: 14-СахаЯкутияресп.xlsx
Файл обработан и закрыт. Уникальных контрагентов в файле: 95 из 138 записей
____________________
Обрабатывается файл: 15-Сев.Осетия-Алания.xlsx
Файл обработан и закрыт. Уникальных контрагентов в файле: 196 из 348 записей
____________________
Обрабатывается файл: 16-Татарстан.xlsx
Файл обработан и закрыт. Уникальных контрагентов в файле: 2646 из 7474 записей
____________________
Обрабатывается файл: 17-Тыва.xlsx
Файл обработан и закрыт. Уникальных контрагентов в файле: 16 из 26 записей
____________________
Обрабатывается файл: 18-Удм.респ.xlsx
Файл обработан и закрыт. Уникальных контрагентов в файле: 513 из 1121 записей
____________________
Обрабатывается файл: 19-Хакасия.xlsx
Файл обработан и закрыт. Уникальных контрагентов в файле: 131 из 282 записей
____________________
Обрабатывается файл: 20-чеченск.респ.xlsx
Файл обработан и закрыт. Уникальных контрагентов в файле: 28 из 66 записей
____________________
Обрабатывается файл: 21-Чувашск.xlsx
Файл обработан и закрыт. Уникальных контрагентов в файле: 834 из 1895 записей
____________________
Обрабатывается файл: 22-Алт.кр.xlsx
Файл обработан и закрыт. Уникальных контрагентов в файле: 425 из 983 записей
____________________
Обрабатывается файл: 23-Краснод..xlsx
Файл обработан и закрыт. Уникальных контрагентов в файле: 3181 из 6069 записей
____________________
Обрабатывается файл: 24-КРС.xlsx
Файл обработан и закрыт. Уникальных контрагентов в файле: 461 из 835 записей
____________________
Обрабатывается файл: 25-Приморск.кр.xlsx
Файл обработан и закрыт. Уникальных контрагентов в файле: 152 из 254 записей
____________________
Обрабатывается файл: 26-Ставроп..xlsx
Файл обработан и закрыт. Уникальных контрагентов в файле: 1943 из 3964 записей
____________________
Обрабатывается файл: 27-Хабар.xlsx
Файл обработан и закрыт. Уникальных контрагентов в файле: 88 из 124 записей
____________________
Обрабатывается файл: 28-Амурск.xlsx
Файл обработан и закрыт. Уникальных контрагентов в файле: 43 из 67 записей
____________________
Обрабатывается файл: 29-Арханг..xlsx
Файл обработан и закрыт. Уникальных контрагентов в файле: 531 из 1155 записей
____________________
Обрабатывается файл: 30-Астрахань.xlsx
Файл обработан и закрыт. Уникальных контрагентов в файле: 190 из 291 записей
____________________
Обрабатывается файл: 31-Белгород.xlsx
Файл обработан и закрыт. Уникальных контрагентов в файле: 1266 из 3428 записей
____________________
Обрабатывается файл: 32-Брянск.xlsx
Файл обработан и закрыт. Уникальных контрагентов в файле: 795 из 2335 записей
____________________
Обрабатывается файл: 33-Владимир.xlsx
Файл обработан и закрыт. Уникальных контрагентов в файле: 1931 из 3728 записей
____________________
Обрабатывается файл: 34-Волгоград.xlsx
Файл обработан и закрыт. Уникальных контрагентов в файле: 1774 из 4040 записей
____________________
Обрабатывается файл: 35-Вологда.xlsx
Файл обработан и закрыт. Уникальных контрагентов в файле: 1385 из 3045 записей
____________________
Обрабатывается файл: 36-Воронеж.xlsx
Файл обработан и закрыт. Уникальных контрагентов в файле: 2055 из 4064 записей
____________________
Обрабатывается файл: 37-Иваново.xlsx
Файл обработан и закрыт. Уникальных контрагентов в файле: 828 из 1726 записей
____________________
Обрабатывается файл: 38-Иркутск.xlsx
Файл обработан и закрыт. Уникальных контрагентов в файле: 207 из 328 записей
____________________
Обрабатывается файл: 39-Калининград.xlsx
Файл обработан и закрыт. Уникальных контрагентов в файле: 468 из 1327 записей
____________________
Обрабатывается файл: 40-Калуга.xlsx
Файл обработан и закрыт. Уникальных контрагентов в файле: 1024 из 2100 записей
____________________
Обрабатывается файл: 41.xlsx
Файл обработан и закрыт. Уникальных контрагентов в файле: 22 из 89 записей
____________________
Обрабатывается файл: 42-Кемерово.xlsx
Файл обработан и закрыт. Уникальных контрагентов в файле: 407 из 1102 записей
____________________
Обрабатывается файл: 44-Кострома.xlsx
Файл обработан и закрыт. Уникальных контрагентов в файле: 589 из 1752 записей
____________________
Обрабатывается файл: 45-Курган.xlsx
Файл обработан и закрыт. Уникальных контрагентов в файле: 390 из 756 записей
____________________
Обрабатывается файл: 46-Курск.xlsx
Файл обработан и закрыт. Уникальных контрагентов в файле: 716 из 1992 записей
____________________
Обрабатывается файл: 47-Ленингр.обл.xlsx
Файл обработан и закрыт. Уникальных контрагентов в файле: 608 из 1274 записей
____________________
Обрабатывается файл: 48-Липецк.xlsx
Файл обработан и закрыт. Уникальных контрагентов в файле: 1093 из 2166 записей
____________________
Обрабатывается файл: 54-НСК.xlsx
Файл обработан и закрыт. Уникальных контрагентов в файле: 728 из 1564 записей
____________________
Обрабатывается файл: 55-ОМСК.xlsx
Файл обработан и закрыт. Уникальных контрагентов в файле: 597 из 1302 записей
____________________
Обрабатывается файл: 70 - Томск.xlsx
Файл обработан и закрыт. Уникальных контрагентов в файле: 162 из 369 записей
____________________
Обрабатывается файл: 72-Тюмень.xlsx
Файл обработан и закрыт. Уникальных контрагентов в файле: 544 из 914 записей
____________________
Обрабатывается файл: 77-МСК.xlsx
Файл обработан и закрыт. Уникальных контрагентов в файле: 1671 из 5427 записей
____________________
Обрабатывается файл: 78-СПб.xlsx
Файл обработан и закрыт. Уникальных контрагентов в файле: 1224 из 2897 записей
____________________
Производится запись на диск
В файле global_base_v3.1.xlsx сохранены изменения
Файл закрыт
Обработано уникальных контрагентов 35961
Программа успешно завершена.